<?xml version="1.0" encoding="UTF-8"?>
<coverage generated="1613170580964" clover="3.2.0">
  <project timestamp="1613170580964" name="All files">
    <metrics statements="29" coveredstatements="23" conditionals="8" coveredconditionals="8" methods="7" coveredmethods="6" elements="44" coveredelements="37" complexity="0" loc="29" ncloc="29" packages="1" files="1" classes="1"/>
    <file name="LinkedList.js" path="/Users/oshagroetz/Development/data-structures/linked-lists/LinkedList.js">
      <metrics statements="29" coveredstatements="23" conditionals="8" coveredconditionals="8" methods="7" coveredmethods="6"/>
      <line num="6" count="9" type="stmt"/>
      <line num="8" count="9" type="stmt"/>
      <line num="19" count="23" type="stmt"/>
      <line num="22" count="23" type="stmt"/>
      <line num="25" count="23" type="stmt"/>
      <line num="31" count="8" type="cond" truecount="4" falsecount="0"/>
      <line num="33" count="4" type="stmt"/>
      <line num="34" count="4" type="stmt"/>
      <line num="35" count="5" type="stmt"/>
      <line num="37" count="4" type="stmt"/>
      <line num="41" count="4" type="cond" truecount="2" falsecount="0"/>
      <line num="43" count="3" type="stmt"/>
      <line num="44" count="3" type="cond" truecount="2" falsecount="0"/>
      <line num="47" count="1" type="stmt"/>
      <line num="48" count="1" type="stmt"/>
      <line num="53" count="0" type="stmt"/>
      <line num="54" count="0" type="stmt"/>
      <line num="55" count="0" type="stmt"/>
      <line num="56" count="0" type="stmt"/>
      <line num="57" count="0" type="stmt"/>
      <line num="59" count="0" type="stmt"/>
      <line num="66" count="24" type="stmt"/>
      <line num="67" count="24" type="stmt"/>
      <line num="72" count="1" type="stmt"/>
      <line num="73" count="8" type="stmt"/>
      <line num="76" count="8" type="stmt"/>
      <line num="77" count="20" type="stmt"/>
      <line num="79" count="8" type="stmt"/>
      <line num="82" count="1" type="stmt"/>
    </file>
  </project>
</coverage>
