TN:
SF:LinkedList.js
FN:4,(anonymous_0)
FN:13,(anonymous_1)
FN:28,(anonymous_2)
FN:40,(anonymous_3)
FN:52,(anonymous_4)
FN:65,(anonymous_5)
FN:72,(anonymous_6)
FNF:7
FNH:6
FNDA:9,(anonymous_0)
FNDA:23,(anonymous_1)
FNDA:8,(anonymous_2)
FNDA:4,(anonymous_3)
FNDA:0,(anonymous_4)
FNDA:24,(anonymous_5)
FNDA:8,(anonymous_6)
DA:6,9
DA:8,9
DA:19,23
DA:22,23
DA:25,23
DA:31,8
DA:33,4
DA:34,4
DA:35,5
DA:37,4
DA:41,4
DA:43,3
DA:44,3
DA:47,1
DA:48,1
DA:53,0
DA:54,0
DA:55,0
DA:56,0
DA:57,0
DA:59,0
DA:66,24
DA:67,24
DA:72,1
DA:73,8
DA:76,8
DA:77,20
DA:79,8
DA:82,1
LF:29
LH:23
BRDA:31,0,0,4
BRDA:31,0,1,4
BRDA:31,1,0,8
BRDA:31,1,1,6
BRDA:41,2,0,1
BRDA:41,2,1,3
BRDA:44,3,0,2
BRDA:44,3,1,1
BRF:8
BRH:8
end_of_record
