TN:
SF:LinkedList.js
FN:4,(anonymous_0)
FN:12,(anonymous_1)
FN:27,(anonymous_2)
FN:39,(anonymous_3)
FN:44,(anonymous_4)
FN:56,(anonymous_5)
FN:69,(anonymous_6)
FN:76,(anonymous_7)
FNF:8
FNH:7
FNDA:10,(anonymous_0)
FNDA:26,(anonymous_1)
FNDA:8,(anonymous_2)
FNDA:1,(anonymous_3)
FNDA:4,(anonymous_4)
FNDA:0,(anonymous_5)
FNDA:27,(anonymous_6)
FNDA:9,(anonymous_7)
DA:6,10
DA:8,10
DA:18,26
DA:21,26
DA:24,26
DA:30,8
DA:32,4
DA:33,4
DA:34,5
DA:36,4
DA:40,1
DA:41,1
DA:45,4
DA:47,3
DA:48,3
DA:51,1
DA:52,1
DA:57,0
DA:58,0
DA:59,0
DA:60,0
DA:61,0
DA:63,0
DA:70,27
DA:71,27
DA:76,1
DA:77,9
DA:80,9
DA:81,23
DA:83,9
DA:86,1
LF:31
LH:25
BRDA:30,0,0,4
BRDA:30,0,1,4
BRDA:30,1,0,8
BRDA:30,1,1,6
BRDA:45,2,0,1
BRDA:45,2,1,3
BRDA:48,3,0,2
BRDA:48,3,1,1
BRF:8
BRH:8
end_of_record
